0 info it worked if it ends with ok
1 verbose cli [ 'C:\\Program Files\\nodejs\\node.exe',
1 verbose cli   'C:\\Users\\cbateman\\AppData\\Roaming\\npm\\node_modules\\npm\\bin\\npm-cli.js',
1 verbose cli   'publish' ]
2 info using npm@3.9.3
3 info using node@v4.4.5
4 verbose publish [ '.' ]
5 silly cache add args [ '.', null ]
6 verbose cache add spec .
7 silly cache add parsed spec Result {
7 silly cache add   raw: '.',
7 silly cache add   scope: null,
7 silly cache add   name: null,
7 silly cache add   rawSpec: '.',
7 silly cache add   spec: 'C:\\GitHub\\core-flex-grid',
7 silly cache add   type: 'directory' }
8 verbose addLocalDirectory C:\Users\cbateman\AppData\Roaming\npm-cache\core-flex-grid\0.9.8\package.tgz not in flight; packing
9 verbose correctMkdir C:\Users\cbateman\AppData\Roaming\npm-cache correctMkdir not in flight; initializing
10 info lifecycle core-flex-grid@0.9.8~prepublish: core-flex-grid@0.9.8
11 silly lifecycle core-flex-grid@0.9.8~prepublish: no script for prepublish, continuing
12 verbose tar pack [ 'C:\\Users\\cbateman\\AppData\\Roaming\\npm-cache\\core-flex-grid\\0.9.8\\package.tgz',
12 verbose tar pack   'C:\\GitHub\\core-flex-grid' ]
13 verbose tarball C:\Users\cbateman\AppData\Roaming\npm-cache\core-flex-grid\0.9.8\package.tgz
14 verbose folder C:\GitHub\core-flex-grid
15 verbose addLocalTarball adding from inside cache C:\Users\cbateman\AppData\Roaming\npm-cache\core-flex-grid\0.9.8\package.tgz
16 verbose correctMkdir C:\Users\cbateman\AppData\Roaming\npm-cache correctMkdir not in flight; initializing
17 silly cache afterAdd core-flex-grid@0.9.8
18 verbose afterAdd C:\Users\cbateman\AppData\Roaming\npm-cache\core-flex-grid\0.9.8\package\package.json not in flight; writing
19 verbose correctMkdir C:\Users\cbateman\AppData\Roaming\npm-cache correctMkdir not in flight; initializing
20 verbose afterAdd C:\Users\cbateman\AppData\Roaming\npm-cache\core-flex-grid\0.9.8\package\package.json written
21 silly publish { name: 'core-flex-grid',
21 silly publish   version: '0.9.8',
21 silly publish   description: 'Responsive CSS Flexbox Grid',
21 silly publish   main: 'gulpfile.js',
21 silly publish   scripts:
21 silly publish    { start: 'gulp watch',
21 silly publish      build: 'gulp build',
21 silly publish      test: 'cd ./node_modules/backstopjs && npm run test',
21 silly publish      report: 'cd ./node_modules/backstopjs && npm run openReport',
21 silly publish      baseline: 'cd ./node_modules/backstopjs && npm run reference' },
21 silly publish   repository:
21 silly publish    { type: 'git',
21 silly publish      url: 'git+https://github.com/splintercode/core-flex-grid.git' },
21 silly publish   author: { name: 'Cory Rylan' },
21 silly publish   license: 'MIT',
21 silly publish   bugs: { url: 'https://github.com/splintercode/core-flex-grid/issues' },
21 silly publish   homepage: 'https://splintercode.github.io/core-flex-grid/',
21 silly publish   devDependencies:
21 silly publish    { del: '^1.2.1',
21 silly publish      gulp: '^3.9.0',
21 silly publish      'gulp-help': '^1.6.0',
21 silly publish      'gulp-rename': '^1.2.2',
21 silly publish      'gulp-sass': '^2.0.4',
21 silly publish      'gulp-uglify': '^1.5.2',
21 silly publish      'gulp-concat': '^2.6.0',
21 silly publish      backstopjs: '1.2.1',
21 silly publish      'browser-sync': '^2.8.0' },
21 silly publish   readme: '[![npm version](https://badge.fury.io/js/core-flex-grid.svg)](https://badge.fury.io/js/core-flex-grid)\r\n\r\n# Core Flex Grid\r\nResponsive CSS Flexbox Grid\r\n\r\nCore Flex Grid is a modern responsive mobile first CSS grid and <strong>layout library</strong> built on top of Flexbox.\r\nCore Flex Grid is lightweight weighing at only 2kb minified and gziped.\r\nFull IE10+ <a href="#browser-support">support</a>. Partial ie8+ support.\r\n            \r\nCore Flex Grid is a modern responsive mobile first grid built on top of Flexbox.\r\nCore Flex Grid is very lightweight weighing at only 2kb minified and gziped.\r\nIE10+ [support](https://splintercode.github.io/core-flex-grid/#bowser-support). Check out the [documentation](https://splintercode.github.io/core-flex-grid/).\r\n\r\n## Latest Changes\r\n\r\n#0.9.8\r\n###Bug Fixes\r\n- Fixed layout bug with `--max` classes\r\n\r\n#0.9.7\r\n###Bug Fixes\r\n- Minor class rename for fixing missing postfix class\r\n\r\n#0.9.6\r\n###Breaking Changes\r\n- Columns and Util classes updated to use responsive suffix syntax.\r\n\r\n#0.8.6\r\n###Bug Fixes\r\n- Fixed Safari width layout bug\r\n\r\n#0.8.5\r\n###Features\r\n- improved documentation\r\n- added new spacing utility classes\r\n\r\n###Breaking Changes\r\n- `.flex-row--full` renamed to `.flex-row--stretch` to match flexbox semantics\r\n\r\n###Bug Fixes\r\n- fixed `.block-center` to `.float-center` in defined in documentation\r\n\r\n#0.8.4\r\n###Bug Fixes\r\n- performance improvements bytes size of library reduced \r\n\r\n###Features\r\n- partial ie9 and ie8 support, overflow bug still work in progress\r\n\r\n#0.8.3\r\n###Bug Fixes\r\n- scoped css columns to .flex-row\r\n\r\n###Features\r\n- new gutter modifiers added for `.flex-row`\r\n- slimed down utility classes\r\n\r\n###Breaking Changes\r\n- `.first-col` & `.last-col` ordering classes renamed to `.col-first` and `.col-last`\r\n- `.contain` classes renamed to max modifiers `.col-1--max` syntax\r\n- `.flex-row--bottom-none` replaced with new gutter modifiers\r\n- utility classes have been rewritten please see docs for breaking changes\r\n\r\n\r\n- Version 0.2.2 Minor bug fixes. Fixed ie11 borderbox bug.\r\n- Version 0.2.1 Minor bug fixes. Added new gutter removal class feature. Minor api changes.\r\n- Version 0.1.0 Initial release\r\n\r\nMIT License 2015\r\n',
21 silly publish   readmeFilename: 'README.md',
21 silly publish   gitHead: '644d9e5f77113372613b535cd60fea881358385c',
21 silly publish   _id: 'core-flex-grid@0.9.8',
21 silly publish   _shasum: 'd8e177ffdec1012fa00ed29a30c5e3ef0b58e730',
21 silly publish   _from: '.' }
22 verbose getPublishConfig undefined
23 silly mapToRegistry name core-flex-grid
24 silly mapToRegistry using default registry
25 silly mapToRegistry registry https://registry.npmjs.org/
26 silly mapToRegistry data Result {
26 silly mapToRegistry   raw: 'core-flex-grid',
26 silly mapToRegistry   scope: null,
26 silly mapToRegistry   name: 'core-flex-grid',
26 silly mapToRegistry   rawSpec: '',
26 silly mapToRegistry   spec: 'latest',
26 silly mapToRegistry   type: 'tag' }
27 silly mapToRegistry uri https://registry.npmjs.org/core-flex-grid
28 verbose publish registryBase https://registry.npmjs.org/
29 silly publish uploading C:\Users\cbateman\AppData\Roaming\npm-cache\core-flex-grid\0.9.8\package.tgz
30 verbose request uri https://registry.npmjs.org/core-flex-grid
31 verbose request sending authorization for write operation
32 info attempt registry request try #1 at 5:32:06 PM
33 verbose request using bearer token for auth
34 verbose request id ce4f582dfeecc232
35 http request PUT https://registry.npmjs.org/core-flex-grid
36 http 403 https://registry.npmjs.org/core-flex-grid
37 verbose headers { 'content-type': 'application/json',
37 verbose headers   'cache-control': 'max-age=300',
37 verbose headers   'content-length': '108',
37 verbose headers   'accept-ranges': 'bytes',
37 verbose headers   date: 'Thu, 30 Jun 2016 22:30:28 GMT',
37 verbose headers   via: '1.1 varnish',
37 verbose headers   connection: 'keep-alive',
37 verbose headers   'x-served-by': 'cache-dfw1843-DFW',
37 verbose headers   'x-cache': 'MISS',
37 verbose headers   'x-cache-hits': '0',
37 verbose headers   'x-timer': 'S1467325823.635084,VS0,VE5095',
37 verbose headers   vary: 'Accept-Encoding' }
38 verbose request invalidating C:\Users\cbateman\AppData\Roaming\npm-cache\registry.npmjs.org\core-flex-grid on PUT
39 error publish Failed PUT 403
40 verbose stack Error: you do not have permission to publish "core-flex-grid". Are you logged in as the correct user? : core-flex-grid
40 verbose stack     at makeError (C:\Users\cbateman\AppData\Roaming\npm\node_modules\npm\node_modules\npm-registry-client\lib\request.js:264:12)
40 verbose stack     at CachingRegistryClient.<anonymous> (C:\Users\cbateman\AppData\Roaming\npm\node_modules\npm\node_modules\npm-registry-client\lib\request.js:252:14)
40 verbose stack     at Request._callback (C:\Users\cbateman\AppData\Roaming\npm\node_modules\npm\node_modules\npm-registry-client\lib\request.js:172:14)
40 verbose stack     at Request.self.callback (C:\Users\cbateman\AppData\Roaming\npm\node_modules\npm\node_modules\request\request.js:200:22)
40 verbose stack     at emitTwo (events.js:87:13)
40 verbose stack     at Request.emit (events.js:172:7)
40 verbose stack     at Request.<anonymous> (C:\Users\cbateman\AppData\Roaming\npm\node_modules\npm\node_modules\request\request.js:1067:10)
40 verbose stack     at emitOne (events.js:82:20)
40 verbose stack     at Request.emit (events.js:169:7)
40 verbose stack     at IncomingMessage.<anonymous> (C:\Users\cbateman\AppData\Roaming\npm\node_modules\npm\node_modules\request\request.js:988:12)
41 verbose statusCode 403
42 verbose pkgid core-flex-grid
43 verbose cwd C:\GitHub\core-flex-grid
44 error Windows_NT 10.0.10586
45 error argv "C:\\Program Files\\nodejs\\node.exe" "C:\\Users\\cbateman\\AppData\\Roaming\\npm\\node_modules\\npm\\bin\\npm-cli.js" "publish"
46 error node v4.4.5
47 error npm  v3.9.3
48 error code E403
49 error you do not have permission to publish "core-flex-grid". Are you logged in as the correct user? : core-flex-grid
50 error If you need help, you may report this error at:
50 error     <https://github.com/npm/npm/issues>
51 verbose exit [ 1, true ]
